  Game.cpp
  Player.cpp
C:\Users\23dkw01\Desktop\Punch-Out-Group-Project-main\Punch Out\Player.cpp(13,23): warning C4305: 'argument': truncation from 'double' to 'float'
C:\Users\23dkw01\Desktop\Punch-Out-Group-Project-main\Punch Out\Player.cpp(55,28): warning C4244: 'argument': conversion from 'int' to 'T', possible loss of data
          with
          [
              T=float
          ]
C:\Users\23dkw01\Desktop\Punch-Out-Group-Project-main\Punch Out\Player.cpp(66,32): warning C4244: 'argument': conversion from 'int' to 'T', possible loss of data
          with
          [
              T=float
          ]
  Punch Out - Dorian, Eric, Alex, George.cpp
  UIManager.cpp
  Generating Code...
Game.obj : error LNK2019: unresolved external symbol "public: static bool __cdecl sf::Keyboard::isKeyPressed(enum sf::Keyboard::Key)" (?isKeyPressed@Keyboard@sf@@SA_NW4Key@12@@Z) referenced in function "public: void __cdecl Game::play(class sf::RenderWindow &,class sf::Event &,class sf::View &)" (?play@Game@@QEAAXAEAVRenderWindow@sf@@AEAVEvent@3@AEAVView@3@@Z)
Player.obj : error LNK2001: unresolved external symbol "public: static bool __cdecl sf::Keyboard::isKeyPressed(enum sf::Keyboard::Key)" (?isKeyPressed@Keyboard@sf@@SA_NW4Key@12@@Z)
Game.obj : error LNK2019: unresolved external symbol "public: __cdecl sf::View::View(void)" (??0View@sf@@QEAA@XZ) referenced in function "public: __cdecl Game::Game(class sf::RenderWindow &,class sf::View &)" (??0Game@@QEAA@AEAVRenderWindow@sf@@AEAVView@2@@Z)
Punch Out - Dorian, Eric, Alex, George.obj : error LNK2001: unresolved external symbol "public: __cdecl sf::View::View(void)" (??0View@sf@@QEAA@XZ)
Game.obj : error LNK2019: unresolved external symbol "public: void __cdecl sf::View::setCenter(float,float)" (?setCenter@View@sf@@QEAAXMM@Z) referenced in function "public: void __cdecl Game::play(class sf::RenderWindow &,class sf::Event &,class sf::View &)" (?play@Game@@QEAAXAEAVRenderWindow@sf@@AEAVEvent@3@AEAVView@3@@Z)
Punch Out - Dorian, Eric, Alex, George.obj : error LNK2001: unresolved external symbol "public: void __cdecl sf::View::setCenter(float,float)" (?setCenter@View@sf@@QEAAXMM@Z)
Game.obj : error LNK2019: unresolved external symbol "public: __cdecl sf::Music::Music(void)" (??0Music@sf@@QEAA@XZ) referenced in function "public: __cdecl Game::Game(class sf::RenderWindow &,class sf::View &)" (??0Game@@QEAA@AEAVRenderWindow@sf@@AEAVView@2@@Z)
Game.obj : error LNK2019: unresolved external symbol "public: virtual __cdecl sf::Music::~Music(void)" (??1Music@sf@@UEAA@XZ) referenced in function "int `public: __cdecl Game::Game(class sf::RenderWindow &,class RenderWindow::View &)'::`1'::dtor$1" (?dtor$1@?0???0Game@@QEAA@AEAVRenderWindow@sf@@AEAVView@2@@Z@4HA)
Game.obj : error LNK2019: unresolved external symbol "public: bool __cdecl sf::Music::openFromFile(class std::basic_string<char,struct std::char_traits<char>,class std::allocator<char> > const &)" (?openFromFile@Music@sf@@QEAA_NAEBV?$basic_string@DU?$char_traits@D@std@@V?$allocator@D@2@@std@@@Z) referenced in function "public: __cdecl Game::Game(class sf::RenderWindow &,class sf::View &)" (??0Game@@QEAA@AEAVRenderWindow@sf@@AEAVView@2@@Z)
Player.obj : error LNK2019: unresolved external symbol "public: virtual __cdecl sf::Transformable::~Transformable(void)" (??1Transformable@sf@@UEAA@XZ) referenced in function "public: virtual __cdecl sf::Sprite::~Sprite(void)" (??1Sprite@sf@@UEAA@XZ)
Punch Out - Dorian, Eric, Alex, George.obj : error LNK2001: unresolved external symbol "public: virtual __cdecl sf::Transformable::~Transformable(void)" (??1Transformable@sf@@UEAA@XZ)
UIManager.obj : error LNK2001: unresolved external symbol "public: virtual __cdecl sf::Transformable::~Transformable(void)" (??1Transformable@sf@@UEAA@XZ)
Player.obj : error LNK2019: unresolved external symbol "public: void __cdecl sf::Transformable::setPosition(float,float)" (?setPosition@Transformable@sf@@QEAAXMM@Z) referenced in function "public: __cdecl Player::Player(void)" (??0Player@@QEAA@XZ)
Player.obj : error LNK2019: unresolved external symbol "public: void __cdecl sf::Transformable::setOrigin(float,float)" (?setOrigin@Transformable@sf@@QEAAXMM@Z) referenced in function "public: __cdecl Player::Player(void)" (??0Player@@QEAA@XZ)
Player.obj : error LNK2019: unresolved external symbol "public: void __cdecl sf::Transformable::move(class sf::Vector2<float> const &)" (?move@Transformable@sf@@QEAAXAEBV?$Vector2@M@2@@Z) referenced in function "public: void __cdecl Player::updatePlayer(class sf::Event &)" (?updatePlayer@Player@@QEAAXAEAVEvent@sf@@@Z)
Player.obj : error LNK2019: unresolved external symbol "public: void __cdecl sf::Transformable::scale(float,float)" (?scale@Transformable@sf@@QEAAXMM@Z) referenced in function "public: __cdecl Player::Player(void)" (??0Player@@QEAA@XZ)
Player.obj : error LNK2019: unresolved external symbol "public: __cdecl sf::Texture::Texture(void)" (??0Texture@sf@@QEAA@XZ) referenced in function "public: __cdecl Player::Player(void)" (??0Player@@QEAA@XZ)
Punch Out - Dorian, Eric, Alex, George.obj : error LNK2001: unresolved external symbol "public: __cdecl sf::Texture::Texture(void)" (??0Texture@sf@@QEAA@XZ)
Player.obj : error LNK2019: unresolved external symbol "public: __cdecl sf::Texture::~Texture(void)" (??1Texture@sf@@QEAA@XZ) referenced in function "int `public: __cdecl Player::Player(void)'::`1'::dtor$1" (?dtor$1@?0???0Player@@QEAA@XZ@4HA)
Punch Out - Dorian, Eric, Alex, George.obj : error LNK2001: unresolved external symbol "public: __cdecl sf::Texture::~Texture(void)" (??1Texture@sf@@QEAA@XZ)
Player.obj : error LNK2019: unresolved external symbol "public: bool __cdecl sf::Texture::loadFromFile(class std::basic_string<char,struct std::char_traits<char>,class std::allocator<char> > const &,class sf::Rect<int> const &)" (?loadFromFile@Texture@sf@@QEAA_NAEBV?$basic_string@DU?$char_traits@D@std@@V?$allocator@D@2@@std@@AEBV?$Rect@H@2@@Z) referenced in function "public: __cdecl Player::Player(void)" (??0Player@@QEAA@XZ)
Punch Out - Dorian, Eric, Alex, George.obj : error LNK2001: unresolved external symbol "public: bool __cdecl sf::Texture::loadFromFile(class std::basic_string<char,struct std::char_traits<char>,class std::allocator<char> > const &,class sf::Rect<int> const &)" (?loadFromFile@Texture@sf@@QEAA_NAEBV?$basic_string@DU?$char_traits@D@std@@V?$allocator@D@2@@std@@AEBV?$Rect@H@2@@Z)
Player.obj : error LNK2019: unresolved external symbol "public: void __cdecl sf::RenderTarget::draw(class sf::Drawable const &,class sf::RenderStates const &)" (?draw@RenderTarget@sf@@QEAAXAEBVDrawable@2@AEBVRenderStates@2@@Z) referenced in function "public: void __cdecl Player::drawPlayer(class sf::RenderWindow &)" (?drawPlayer@Player@@QEAAXAEAVRenderWindow@sf@@@Z)
Punch Out - Dorian, Eric, Alex, George.obj : error LNK2001: unresolved external symbol "public: void __cdecl sf::RenderTarget::draw(class sf::Drawable const &,class sf::RenderStates const &)" (?draw@RenderTarget@sf@@QEAAXAEBVDrawable@2@AEBVRenderStates@2@@Z)
UIManager.obj : error LNK2001: unresolved external symbol "public: void __cdecl sf::RenderTarget::draw(class sf::Drawable const &,class sf::RenderStates const &)" (?draw@RenderTarget@sf@@QEAAXAEBVDrawable@2@AEBVRenderStates@2@@Z)
Player.obj : error LNK2019: unresolved external symbol "public: __cdecl sf::Sprite::Sprite(void)" (??0Sprite@sf@@QEAA@XZ) referenced in function "public: __cdecl Player::Player(void)" (??0Player@@QEAA@XZ)
Punch Out - Dorian, Eric, Alex, George.obj : error LNK2001: unresolved external symbol "public: __cdecl sf::Sprite::Sprite(void)" (??0Sprite@sf@@QEAA@XZ)
Player.obj : error LNK2019: unresolved external symbol "public: void __cdecl sf::Sprite::setTexture(class sf::Texture const &,bool)" (?setTexture@Sprite@sf@@QEAAXAEBVTexture@2@_N@Z) referenced in function "public: __cdecl Player::Player(void)" (??0Player@@QEAA@XZ)
Punch Out - Dorian, Eric, Alex, George.obj : error LNK2001: unresolved external symbol "public: void __cdecl sf::Sprite::setTexture(class sf::Texture const &,bool)" (?setTexture@Sprite@sf@@QEAAXAEBVTexture@2@_N@Z)
Player.obj : error LNK2019: unresolved external symbol "public: void __cdecl sf::Sprite::setTextureRect(class sf::Rect<int> const &)" (?setTextureRect@Sprite@sf@@QEAAXAEBV?$Rect@H@2@@Z) referenced in function "public: __cdecl Player::Player(void)" (??0Player@@QEAA@XZ)
Punch Out - Dorian, Eric, Alex, George.obj : error LNK2001: unresolved external symbol "public: void __cdecl sf::Sprite::setTextureRect(class sf::Rect<int> const &)" (?setTextureRect@Sprite@sf@@QEAAXAEBV?$Rect@H@2@@Z)
Player.obj : error LNK2019: unresolved external symbol "public: __cdecl sf::Sound::Sound(void)" (??0Sound@sf@@QEAA@XZ) referenced in function "public: __cdecl Player::Player(void)" (??0Player@@QEAA@XZ)
Player.obj : error LNK2019: unresolved external symbol "public: virtual __cdecl sf::Sound::~Sound(void)" (??1Sound@sf@@UEAA@XZ) referenced in function "int `public: __cdecl Player::Player(void)'::`1'::dtor$3" (?dtor$3@?0???0Player@@QEAA@XZ@4HA)
Player.obj : error LNK2019: unresolved external symbol "public: void __cdecl sf::Sound::setBuffer(class sf::SoundBuffer const &)" (?setBuffer@Sound@sf@@QEAAXAEBVSoundBuffer@2@@Z) referenced in function "public: __cdecl Player::Player(void)" (??0Player@@QEAA@XZ)
Player.obj : error LNK2019: unresolved external symbol "public: __cdecl sf::SoundBuffer::SoundBuffer(void)" (??0SoundBuffer@sf@@QEAA@XZ) referenced in function "public: __cdecl Player::Player(void)" (??0Player@@QEAA@XZ)
Player.obj : error LNK2019: unresolved external symbol "public: __cdecl sf::SoundBuffer::~SoundBuffer(void)" (??1SoundBuffer@sf@@QEAA@XZ) referenced in function "int `public: __cdecl Player::Player(void)'::`1'::dtor$2" (?dtor$2@?0???0Player@@QEAA@XZ@4HA)
Player.obj : error LNK2019: unresolved external symbol "public: bool __cdecl sf::SoundBuffer::loadFromFile(class std::basic_string<char,struct std::char_traits<char>,class std::allocator<char> > const &)" (?loadFromFile@SoundBuffer@sf@@QEAA_NAEBV?$basic_string@DU?$char_traits@D@std@@V?$allocator@D@2@@std@@@Z) referenced in function "public: __cdecl Player::Player(void)" (??0Player@@QEAA@XZ)
Player.obj : error LNK2001: unresolved external symbol "public: static class sf::RenderStates const sf::RenderStates::Default" (?Default@RenderStates@sf@@2V12@B)
Punch Out - Dorian, Eric, Alex, George.obj : error LNK2001: unresolved external symbol "public: static class sf::RenderStates const sf::RenderStates::Default" (?Default@RenderStates@sf@@2V12@B)
UIManager.obj : error LNK2001: unresolved external symbol "public: static class sf::RenderStates const sf::RenderStates::Default" (?Default@RenderStates@sf@@2V12@B)
Punch Out - Dorian, Eric, Alex, George.obj : error LNK2019: unresolved external symbol "public: __cdecl sf::String::String(char const *,class std::locale const &)" (??0String@sf@@QEAA@PEBDAEBVlocale@std@@@Z) referenced in function main
UIManager.obj : error LNK2001: unresolved external symbol "public: __cdecl sf::String::String(char const *,class std::locale const &)" (??0String@sf@@QEAA@PEBDAEBVlocale@std@@@Z)
Punch Out - Dorian, Eric, Alex, George.obj : error LNK2019: unresolved external symbol "public: __cdecl sf::VideoMode::VideoMode(unsigned int,unsigned int,unsigned int)" (??0VideoMode@sf@@QEAA@III@Z) referenced in function main
Punch Out - Dorian, Eric, Alex, George.obj : error LNK2019: unresolved external symbol "public: void __cdecl sf::Window::close(void)" (?close@Window@sf@@QEAAXXZ) referenced in function main
Punch Out - Dorian, Eric, Alex, George.obj : error LNK2019: unresolved external symbol "public: bool __cdecl sf::Window::isOpen(void)const " (?isOpen@Window@sf@@QEBA_NXZ) referenced in function main
Punch Out - Dorian, Eric, Alex, George.obj : error LNK2019: unresolved external symbol "public: bool __cdecl sf::Window::pollEvent(class sf::Event &)" (?pollEvent@Window@sf@@QEAA_NAEAVEvent@2@@Z) referenced in function main
Punch Out - Dorian, Eric, Alex, George.obj : error LNK2019: unresolved external symbol "public: void __cdecl sf::Window::setFramerateLimit(unsigned int)" (?setFramerateLimit@Window@sf@@QEAAXI@Z) referenced in function main
Punch Out - Dorian, Eric, Alex, George.obj : error LNK2019: unresolved external symbol "public: void __cdecl sf::Window::display(void)" (?display@Window@sf@@QEAAXXZ) referenced in function main
Punch Out - Dorian, Eric, Alex, George.obj : error LNK2019: unresolved external symbol "public: __cdecl sf::Color::Color(unsigned char,unsigned char,unsigned char,unsigned char)" (??0Color@sf@@QEAA@EEEE@Z) referenced in function main
Punch Out - Dorian, Eric, Alex, George.obj : error LNK2019: unresolved external symbol "public: void __cdecl sf::View::setSize(float,float)" (?setSize@View@sf@@QEAAXMM@Z) referenced in function main
Punch Out - Dorian, Eric, Alex, George.obj : error LNK2019: unresolved external symbol "public: void __cdecl sf::RenderTarget::clear(class sf::Color const &)" (?clear@RenderTarget@sf@@QEAAXAEBVColor@2@@Z) referenced in function main
Punch Out - Dorian, Eric, Alex, George.obj : error LNK2019: unresolved external symbol "public: void __cdecl sf::RenderTarget::setView(class sf::View const &)" (?setView@RenderTarget@sf@@QEAAXAEBVView@2@@Z) referenced in function main
Punch Out - Dorian, Eric, Alex, George.obj : error LNK2019: unresolved external symbol "public: __cdecl sf::RenderWindow::RenderWindow(class sf::VideoMode,class sf::String const &,unsigned int,struct sf::ContextSettings const &)" (??0RenderWindow@sf@@QEAA@VVideoMode@1@AEBVString@1@IAEBUContextSettings@1@@Z) referenced in function main
Punch Out - Dorian, Eric, Alex, George.obj : error LNK2019: unresolved external symbol "public: virtual __cdecl sf::RenderWindow::~RenderWindow(void)" (??1RenderWindow@sf@@UEAA@XZ) referenced in function main
UIManager.obj : error LNK2019: unresolved external symbol "public: virtual __cdecl sf::Shape::~Shape(void)" (??1Shape@sf@@UEAA@XZ) referenced in function "public: virtual __cdecl sf::RectangleShape::~RectangleShape(void)" (??1RectangleShape@sf@@UEAA@XZ)
UIManager.obj : error LNK2019: unresolved external symbol "public: void __cdecl sf::Shape::setFillColor(class sf::Color const &)" (?setFillColor@Shape@sf@@QEAAXAEBVColor@2@@Z) referenced in function "public: __cdecl UIManager::UIManager(class sf::RenderWindow &,class sf::View &,class Player &)" (??0UIManager@@QEAA@AEAVRenderWindow@sf@@AEAVView@2@AEAVPlayer@@@Z)
UIManager.obj : error LNK2019: unresolved external symbol "public: void __cdecl sf::Shape::setOutlineThickness(float)" (?setOutlineThickness@Shape@sf@@QEAAXM@Z) referenced in function "public: __cdecl UIManager::UIManager(class sf::RenderWindow &,class sf::View &,class Player &)" (??0UIManager@@QEAA@AEAVRenderWindow@sf@@AEAVView@2@AEAVPlayer@@@Z)
UIManager.obj : error LNK2019: unresolved external symbol "public: __cdecl sf::Font::Font(void)" (??0Font@sf@@QEAA@XZ) referenced in function "public: void __cdecl UIManager::drawStats(class Player &,class Opponent &)" (?drawStats@UIManager@@QEAAXAEAVPlayer@@AEAVOpponent@@@Z)
UIManager.obj : error LNK2019: unresolved external symbol "public: __cdecl sf::Font::~Font(void)" (??1Font@sf@@QEAA@XZ) referenced in function "public: void __cdecl UIManager::drawStats(class Player &,class Opponent &)" (?drawStats@UIManager@@QEAAXAEAVPlayer@@AEAVOpponent@@@Z)
UIManager.obj : error LNK2019: unresolved external symbol "public: bool __cdecl sf::Font::loadFromFile(class std::basic_string<char,struct std::char_traits<char>,class std::allocator<char> > const &)" (?loadFromFile@Font@sf@@QEAA_NAEBV?$basic_string@DU?$char_traits@D@std@@V?$allocator@D@2@@std@@@Z) referenced in function "public: void __cdecl UIManager::drawStats(class Player &,class Opponent &)" (?drawStats@UIManager@@QEAAXAEAVPlayer@@AEAVOpponent@@@Z)
UIManager.obj : error LNK2019: unresolved external symbol "public: __cdecl sf::RectangleShape::RectangleShape(class sf::Vector2<float> const &)" (??0RectangleShape@sf@@QEAA@AEBV?$Vector2@M@1@@Z) referenced in function "public: __cdecl UIManager::UIManager(class sf::RenderWindow &,class sf::View &,class Player &)" (??0UIManager@@QEAA@AEAVRenderWindow@sf@@AEAVView@2@AEAVPlayer@@@Z)
UIManager.obj : error LNK2019: unresolved external symbol "public: void __cdecl sf::RectangleShape::setSize(class sf::Vector2<float> const &)" (?setSize@RectangleShape@sf@@QEAAXAEBV?$Vector2@M@2@@Z) referenced in function "public: __cdecl UIManager::UIManager(class sf::RenderWindow &,class sf::View &,class Player &)" (??0UIManager@@QEAA@AEAVRenderWindow@sf@@AEAVView@2@AEAVPlayer@@@Z)
UIManager.obj : error LNK2019: unresolved external symbol "public: __cdecl sf::Text::Text(class sf::String const &,class sf::Font const &,unsigned int)" (??0Text@sf@@QEAA@AEBVString@1@AEBVFont@1@I@Z) referenced in function "public: void __cdecl UIManager::drawStats(class Player &,class Opponent &)" (?drawStats@UIManager@@QEAAXAEAVPlayer@@AEAVOpponent@@@Z)
UIManager.obj : error LNK2019: unresolved external symbol "public: void __cdecl sf::Text::setCharacterSize(unsigned int)" (?setCharacterSize@Text@sf@@QEAAXI@Z) referenced in function "public: void __cdecl UIManager::drawStats(class Player &,class Opponent &)" (?drawStats@UIManager@@QEAAXAEAVPlayer@@AEAVOpponent@@@Z)
UIManager.obj : error LNK2019: unresolved external symbol "public: void __cdecl sf::Text::setStyle(unsigned int)" (?setStyle@Text@sf@@QEAAXI@Z) referenced in function "public: void __cdecl UIManager::drawStats(class Player &,class Opponent &)" (?drawStats@UIManager@@QEAAXAEAVPlayer@@AEAVOpponent@@@Z)
UIManager.obj : error LNK2019: unresolved external symbol "public: void __cdecl sf::Text::setFillColor(class sf::Color const &)" (?setFillColor@Text@sf@@QEAAXAEBVColor@2@@Z) referenced in function "public: void __cdecl UIManager::drawStats(class Player &,class Opponent &)" (?drawStats@UIManager@@QEAAXAEAVPlayer@@AEAVOpponent@@@Z)
UIManager.obj : error LNK2001: unresolved external symbol "public: static class sf::Color const sf::Color::Black" (?Black@Color@sf@@2V12@B)
UIManager.obj : error LNK2001: unresolved external symbol "public: static class sf::Color const sf::Color::Red" (?Red@Color@sf@@2V12@B)
C:\SFML\lib\sfml-system-s-d.lib : warning LNK4272: library machine type 'x86' conflicts with target machine type 'x64'
C:\SFML\lib\sfml-graphics-s-d.lib : warning LNK4272: library machine type 'x86' conflicts with target machine type 'x64'
C:\SFML\lib\sfml-window-s-d.lib : warning LNK4272: library machine type 'x86' conflicts with target machine type 'x64'
C:\SFML\lib\freetype.lib : warning LNK4272: library machine type 'x86' conflicts with target machine type 'x64'
C:\SFML\lib\sfml-audio-s-d.lib : warning LNK4272: library machine type 'x86' conflicts with target machine type 'x64'
C:\SFML\lib\openal32.lib : warning LNK4272: library machine type 'x86' conflicts with target machine type 'x64'
C:\SFML\lib\flac.lib : warning LNK4272: library machine type 'x86' conflicts with target machine type 'x64'
C:\SFML\lib\vorbisenc.lib : warning LNK4272: library machine type 'x86' conflicts with target machine type 'x64'
C:\SFML\lib\vorbisfile.lib : warning LNK4272: library machine type 'x86' conflicts with target machine type 'x64'
C:\SFML\lib\vorbis.lib : warning LNK4272: library machine type 'x86' conflicts with target machine type 'x64'
C:\SFML\lib\ogg.lib : warning LNK4272: library machine type 'x86' conflicts with target machine type 'x64'
C:\Users\23dkw01\Desktop\Punch-Out-Group-Project-main\x64\Debug\Punch Out - Dorian, Eric, Alex, George.exe : fatal error LNK1120: 52 unresolved externals
